{"numFailedTestSuites":0,"numFailedTests":0,"numPassedTestSuites":2,"numPassedTests":2,"numPendingTestSuites":0,"numPendingTests":8,"numRuntimeErrorTestSuites":0,"numTodoTests":0,"numTotalTestSuites":2,"numTotalTests":10,"openHandles":[],"snapshot":{"added":0,"didUpdate":false,"failure":false,"filesAdded":0,"filesRemoved":0,"filesRemovedList":[],"filesUnmatched":0,"filesUpdated":0,"matched":0,"total":0,"unchecked":0,"uncheckedKeysByFile":[],"unmatched":0,"updated":0},"startTime":1578925189451,"success":true,"testResults":[{"assertionResults":[{"ancestorTitles":["<Accordion />"],"failureMessages":[],"fullName":"<Accordion /> should match snapshot","location":null,"status":"passed","title":"should match snapshot"},{"ancestorTitles":["<Accordion />"],"failureMessages":[],"fullName":"<Accordion /> should check how many items render when passing in the items prop","location":null,"status":"pending","title":"should check how many items render when passing in the items prop"},{"ancestorTitles":["<Accordion />"],"failureMessages":[],"fullName":"<Accordion /> should set an active accordion when an item is selected","location":null,"status":"pending","title":"should set an active accordion when an item is selected"}],"endTime":1578925191075,"message":"","name":"/Users/mattclaffey/src/testing-workshop/src/components/Accordion/Accordion.test.tsx","startTime":1578925190219,"status":"passed","summary":""},{"assertionResults":[{"ancestorTitles":["<AccordionItem />"],"failureMessages":[],"fullName":"<AccordionItem /> should match snapshot","location":null,"status":"passed","title":"should match snapshot"},{"ancestorTitles":["<AccordionItem />"],"failureMessages":[],"fullName":"<AccordionItem /> should have a href that matches with the id of the region","location":null,"status":"pending","title":"should have a href that matches with the id of the region"},{"ancestorTitles":["<AccordionItem />"],"failureMessages":[],"fullName":"<AccordionItem /> should set an active c-accordion__link--selected class when isActive is set true","location":null,"status":"pending","title":"should set an active c-accordion__link--selected class when isActive is set true"},{"ancestorTitles":["<AccordionItem />"],"failureMessages":[],"fullName":"<AccordionItem /> should set an aria-expanded to true when isActive is set true","location":null,"status":"pending","title":"should set an aria-expanded to true when isActive is set true"},{"ancestorTitles":["<AccordionItem />"],"failureMessages":[],"fullName":"<AccordionItem /> should set an aria-expanded to false when isActive is set false","location":null,"status":"pending","title":"should set an aria-expanded to false when isActive is set false"},{"ancestorTitles":["<AccordionItem />"],"failureMessages":[],"fullName":"<AccordionItem /> should set an tabindex to 0 when isActive prop is true","location":null,"status":"pending","title":"should set an tabindex to 0 when isActive prop is true"},{"ancestorTitles":["<AccordionItem />"],"failureMessages":[],"fullName":"<AccordionItem /> should set an tabindex to -1 when isActive prop is false","location":null,"status":"pending","title":"should set an tabindex to -1 when isActive prop is false"}],"endTime":1578925191194,"message":"","name":"/Users/mattclaffey/src/testing-workshop/src/components/AccordionItem/AccordionItem.test.tsx","startTime":1578925190218,"status":"passed","summary":""}],"wasInterrupted":false}